<?xml version="1.0" encoding="UTF-8"?>
<!-- Generated by org.testng.reporters.JUnitReportReporter -->
<testsuite hostname="DESKTOP-UVVSPQO" failures="0" tests="2" name="testclasses.LoiginPageTest" time="12.765" errors="0" timestamp="2022-05-07T19:05:30 IST" skipped="0">
  <testcase classname="testclasses.LoiginPageTest" name="verifyLogin" time="2.078"/>
  <system-out/>
  <testcase classname="testclasses.LoiginPageTest" name="titleValidation" time="10.687"/>
  <system-out/>
</testsuite> <!-- testclasses.LoiginPageTest -->
